<?xml version="1.0" encoding="UTF-8"?>
<!-- Generated by org.testng.reporters.JUnitReportReporter -->
<testsuite skipped="0" hostname="Dhinesh" name="testcases.TC001_CreateLead" tests="2" failures="0" timestamp="03 Jun 2018 05:53:50 GMT" time="44.462" errors="0">
  <testcase name="createLead" time="16.773" classname="testcases.TC001_CreateLead"/>
  <testcase name="createLead" time="27.689" classname="testcases.TC001_CreateLead"/>
</testsuite> <!-- testcases.TC001_CreateLead -->
